0 info it worked if it ends with ok
1 verbose cli [ 'C:\\Program Files\\nodejs\\\\node.exe',
1 verbose cli   'C:\\Program Files\\nodejs\\node_modules\\npm\\bin\\npm-cli.js',
1 verbose cli   'install' ]
2 info using npm@2.9.1
3 info using node@v0.12.3
4 verbose node symlink C:\Program Files\nodejs\\node.exe
5 verbose readDependencies loading dependencies from C:\Fontes\fiware-orion-explorer\package.json
6 warn package.json fiware-orion-explorer@0.1.0 No repository field.
7 verbose install where, deps [ 'C:\\Fontes\\fiware-orion-explorer', [ 'bower' ] ]
8 verbose install where, peers [ 'C:\\Fontes\\fiware-orion-explorer', [] ]
9 verbose installManyTop reading for lifecycle C:\Fontes\fiware-orion-explorer\package.json
10 info preinstall fiware-orion-explorer@0.1.0
11 verbose installManyTop reading scoped package data from C:\Fontes\fiware-orion-explorer\node_modules\bower\package.json
12 verbose readDependencies loading dependencies from C:\Fontes\fiware-orion-explorer\package.json
13 verbose targetResolver reading package data from C:\Fontes\fiware-orion-explorer\node_modules\bower\package.json
14 verbose targetResolver reading package data from C:\Fontes\fiware-orion-explorer\node_modules\.bin\bower\package.json
15 verbose targetResolver reading package data from C:\Fontes\fiware-orion-explorer\node_modules\.bin\bower.cmd\package.json
16 verbose already installed skipping bower@^1.7.7 C:\Fontes\fiware-orion-explorer
17 silly install resolved []
18 info build C:\Fontes\fiware-orion-explorer
19 info linkStuff fiware-orion-explorer@0.1.0
20 silly linkStuff fiware-orion-explorer@0.1.0 has C:\Fontes as its parent node_modules
21 verbose linkBins fiware-orion-explorer@0.1.0
22 verbose linkMans fiware-orion-explorer@0.1.0
23 verbose rebuildBundles fiware-orion-explorer@0.1.0
24 verbose rebuildBundles [ '.bin', 'bower' ]
25 info install fiware-orion-explorer@0.1.0
26 info postinstall fiware-orion-explorer@0.1.0
27 verbose unsafe-perm in lifecycle true
28 info fiware-orion-explorer@0.1.0 Failed to exec postinstall script
29 verbose stack Error: fiware-orion-explorer@0.1.0 postinstall: `bower install`
29 verbose stack Exit status 1
29 verbose stack     at EventEmitter.<anonymous> (C:\Program Files\nodejs\node_modules\npm\lib\utils\lifecycle.js:213:16)
29 verbose stack     at EventEmitter.emit (events.js:110:17)
29 verbose stack     at ChildProcess.<anonymous> (C:\Program Files\nodejs\node_modules\npm\lib\utils\spawn.js:24:14)
29 verbose stack     at ChildProcess.emit (events.js:110:17)
29 verbose stack     at maybeClose (child_process.js:1015:16)
29 verbose stack     at Process.ChildProcess._handle.onexit (child_process.js:1087:5)
30 verbose pkgid fiware-orion-explorer@0.1.0
31 verbose cwd C:\Fontes\fiware-orion-explorer
32 error Windows_NT 6.3.9600
33 error argv "C:\\Program Files\\nodejs\\\\node.exe" "C:\\Program Files\\nodejs\\node_modules\\npm\\bin\\npm-cli.js" "install"
34 error node v0.12.3
35 error npm  v2.9.1
36 error code ELIFECYCLE
37 error fiware-orion-explorer@0.1.0 postinstall: `bower install`
37 error Exit status 1
38 error Failed at the fiware-orion-explorer@0.1.0 postinstall script 'bower install'.
38 error This is most likely a problem with the fiware-orion-explorer package,
38 error not with npm itself.
38 error Tell the author that this fails on your system:
38 error     bower install
38 error You can get their info via:
38 error     npm owner ls fiware-orion-explorer
38 error There is likely additional logging output above.
39 verbose exit [ 1, true ]
